# JRE version: OpenJDK Runtime Environment (17.0.10) (build 17.0.10+0--11572160)
# Java VM: OpenJDK 64-Bit Server VM (17.0.10+0--11572160, mixed mode, tiered, compressed oops, compressed class ptrs, g1 gc, windows-amd64)
GC Precious Log:
 CPUs: 4 total, 4 available
 Memory: 7991M
 Large Page Support: Disabled
 NUMA Support: Disabled
 Compressed Oops: Enabled (32-bit)
 Heap Region Size: 1M
 Heap Min Capacity: 8M
 Heap Initial Capacity: 126M
 Heap Max Capacity: 2G
 Pre-touch: Disabled
 Parallel Workers: 4
 Concurrent Workers: 1
 Concurrent Refinement Workers: 4
 Periodic GC: Disabled
Heap:
 garbage-first heap   total 552960K, used 155680K [0x0000000080000000, 0x0000000100000000)
  region size 1024K, 10 young (10240K), 10 survivors (10240K)
 Metaspace       used 148791K, committed 150720K, reserved 1179648K
  class space    used 19393K, committed 20352K, reserved 1048576K
GC Heap History (20 events):
Event: 4321.139 GC heap after
{Heap after GC invocations=171 (full 0):
 garbage-first heap   total 552960K, used 129918K [0x0000000080000000, 0x0000000100000000)
  region size 1024K, 3 young (3072K), 3 survivors (3072K)
 Metaspace       used 147900K, committed 149824K, reserved 1179648K
  class space    used 19358K, committed 20288K, reserved 1048576K
}
Event: 4321.150 GC heap before
{Heap before GC invocations=171 (full 0):
 garbage-first heap   total 552960K, used 130942K [0x0000000080000000, 0x0000000100000000)
  region size 1024K, 6 young (6144K), 3 survivors (3072K)
 Metaspace       used 147900K, committed 149824K, reserved 1179648K
  class space    used 19358K, committed 20288K, reserved 1048576K
}
Event: 4321.153 GC heap after
{Heap after GC invocations=172 (full 0):
 garbage-first heap   total 552960K, used 129374K [0x0000000080000000, 0x0000000100000000)
  region size 1024K, 2 young (2048K), 2 survivors (2048K)
 Metaspace       used 147900K, committed 149824K, reserved 1179648K
  class space    used 19358K, committed 20288K, reserved 1048576K
}
Event: 4856.281 GC heap before
{Heap before GC invocations=173 (full 0):
 garbage-first heap   total 552960K, used 519518K [0x0000000080000000, 0x0000000100000000)
  region size 1024K, 279 young (285696K), 2 survivors (2048K)
 Metaspace       used 147983K, committed 149952K, reserved 1179648K
  class space    used 19345K, committed 20288K, reserved 1048576K
}
Event: 4856.433 GC heap after
{Heap after GC invocations=174 (full 0):
 garbage-first heap   total 552960K, used 149225K [0x0000000080000000, 0x0000000100000000)
  region size 1024K, 17 young (17408K), 17 survivors (17408K)
 Metaspace       used 147983K, committed 149952K, reserved 1179648K
  class space    used 19345K, committed 20288K, reserved 1048576K
}
Event: 4856.550 GC heap before
{Heap before GC invocations=174 (full 0):
 garbage-first heap   total 552960K, used 158441K [0x0000000080000000, 0x0000000100000000)
  region size 1024K, 27 young (27648K), 17 survivors (17408K)
 Metaspace       used 147983K, committed 149952K, reserved 1179648K
  class space    used 19345K, committed 20288K, reserved 1048576K
}
Event: 4856.695 GC heap after
{Heap after GC invocations=175 (full 0):
 garbage-first heap   total 552960K, used 142840K [0x0000000080000000, 0x0000000100000000)
  region size 1024K, 4 young (4096K), 4 survivors (4096K)
 Metaspace       used 147983K, committed 149952K, reserved 1179648K
  class space    used 19345K, committed 20288K, reserved 1048576K
}
Event: 4858.591 GC heap before
{Heap before GC invocations=175 (full 0):
 garbage-first heap   total 552960K, used 196088K [0x0000000080000000, 0x0000000100000000)
  region size 1024K, 57 young (58368K), 4 survivors (4096K)
 Metaspace       used 148263K, committed 150144K, reserved 1179648K
  class space    used 19368K, committed 20288K, reserved 1048576K
}
Event: 4858.619 GC heap after
{Heap after GC invocations=176 (full 0):
 garbage-first heap   total 552960K, used 148447K [0x0000000080000000, 0x0000000100000000)
  region size 1024K, 9 young (9216K), 9 survivors (9216K)
 Metaspace       used 148263K, committed 150144K, reserved 1179648K
  class space    used 19368K, committed 20288K, reserved 1048576K
}
Event: 5044.444 GC heap before
{Heap before GC invocations=177 (full 0):
 garbage-first heap   total 552960K, used 469983K [0x0000000080000000, 0x0000000100000000)
  region size 1024K, 266 young (272384K), 9 survivors (9216K)
 Metaspace       used 148362K, committed 150208K, reserved 1179648K
  class space    used 19368K, committed 20288K, reserved 1048576K
}
Event: 5044.622 GC heap after
{Heap after GC invocations=178 (full 0):
 garbage-first heap   total 552960K, used 165997K [0x0000000080000000, 0x0000000100000000)
  region size 1024K, 23 young (23552K), 23 survivors (23552K)
 Metaspace       used 148362K, committed 150208K, reserved 1179648K
  class space    used 19368K, committed 20288K, reserved 1048576K
}
Event: 5044.702 GC heap before
{Heap before GC invocations=178 (full 0):
 garbage-first heap   total 552960K, used 170093K [0x0000000080000000, 0x0000000100000000)
  region size 1024K, 27 young (27648K), 23 survivors (23552K)
 Metaspace       used 148362K, committed 150208K, reserved 1179648K
  class space    used 19368K, committed 20288K, reserved 1048576K
}
Event: 5044.824 GC heap after
{Heap after GC invocations=179 (full 0):
 garbage-first heap   total 552960K, used 149715K [0x0000000080000000, 0x0000000100000000)
  region size 1024K, 2 young (2048K), 2 survivors (2048K)
 Metaspace       used 148362K, committed 150208K, reserved 1179648K
  class space    used 19368K, committed 20288K, reserved 1048576K
}
Event: 5045.893 GC heap before
{Heap before GC invocations=179 (full 0):
 garbage-first heap   total 552960K, used 214227K [0x0000000080000000, 0x0000000100000000)
  region size 1024K, 66 young (67584K), 2 survivors (2048K)
 Metaspace       used 148630K, committed 150528K, reserved 1179648K
  class space    used 19392K, committed 20352K, reserved 1048576K
}
Event: 5045.911 GC heap after
{Heap after GC invocations=180 (full 0):
 garbage-first heap   total 552960K, used 157843K [0x0000000080000000, 0x0000000100000000)
  region size 1024K, 10 young (10240K), 10 survivors (10240K)
 Metaspace       used 148630K, committed 150528K, reserved 1179648K
  class space    used 19392K, committed 20352K, reserved 1048576K
}
Event: 5426.117 GC heap before
{Heap before GC invocations=181 (full 0):
 garbage-first heap   total 552960K, used 471187K [0x0000000080000000, 0x0000000100000000)
  region size 1024K, 261 young (267264K), 10 survivors (10240K)
 Metaspace       used 148518K, committed 150400K, reserved 1179648K
  class space    used 19369K, committed 20352K, reserved 1048576K
}
Event: 5426.315 GC heap after
{Heap after GC invocations=182 (full 0):
 garbage-first heap   total 552960K, used 170170K [0x0000000080000000, 0x0000000100000000)
  region size 1024K, 20 young (20480K), 20 survivors (20480K)
 Metaspace       used 148518K, committed 150400K, reserved 1179648K
  class space    used 19369K, committed 20352K, reserved 1048576K
}
Event: 5426.829 GC heap before
{Heap before GC invocations=182 (full 0):
 garbage-first heap   total 552960K, used 178362K [0x0000000080000000, 0x0000000100000000)
  region size 1024K, 27 young (27648K), 20 survivors (20480K)
 Metaspace       used 148527K, committed 150464K, reserved 1179648K
  class space    used 19370K, committed 20352K, reserved 1048576K
}
Event: 5427.001 GC heap after
{Heap after GC invocations=183 (full 0):
 garbage-first heap   total 552960K, used 149649K [0x0000000080000000, 0x0000000100000000)
  region size 1024K, 4 young (4096K), 4 survivors (4096K)
 Metaspace       used 148527K, committed 150464K, reserved 1179648K
  class space    used 19370K, committed 20352K, reserved 1048576K
}
Event: 5429.389 GC heap before
{Heap before GC invocations=183 (full 0):
 garbage-first heap   total 552960K, used 223377K [0x0000000080000000, 0x0000000100000000)
  region size 1024K, 77 young (78848K), 4 survivors (4096K)
 Metaspace       used 148791K, committed 150720K, reserved 1179648K
  class space    used 19393K, committed 20352K, reserved 1048576K
}

