# JRE version: OpenJDK Runtime Environment (17.0.10) (build 17.0.10+0--11572160)
# Java VM: OpenJDK 64-Bit Server VM (17.0.10+0--11572160, mixed mode, tiered, compressed oops, compressed class ptrs, g1 gc, windows-amd64)
GC Precious Log:
 CPUs: 4 total, 4 available
 Memory: 7991M
 Large Page Support: Disabled
 NUMA Support: Disabled
 Compressed Oops: Enabled (32-bit)
 Heap Region Size: 1M
 Heap Min Capacity: 8M
 Heap Initial Capacity: 126M
 Heap Max Capacity: 2G
 Pre-touch: Disabled
 Parallel Workers: 4
 Concurrent Workers: 1
 Concurrent Refinement Workers: 4
 Periodic GC: Disabled
Heap:
 garbage-first heap   total 276480K, used 109416K [0x0000000080000000, 0x0000000100000000)
  region size 1024K, 2 young (2048K), 2 survivors (2048K)
 Metaspace       used 132831K, committed 134208K, reserved 1179648K
  class space    used 18050K, committed 18752K, reserved 1048576K
GC Heap History (20 events):
Event: 1723.039 GC heap after
{Heap after GC invocations=77 (full 0):
 garbage-first heap   total 276480K, used 115080K [0x0000000080000000, 0x0000000100000000)
  region size 1024K, 11 young (11264K), 11 survivors (11264K)
 Metaspace       used 131074K, committed 132160K, reserved 1179648K
  class space    used 17903K, committed 18368K, reserved 1048576K
}
Event: 1724.537 GC heap before
{Heap before GC invocations=78 (full 0):
 garbage-first heap   total 276480K, used 258440K [0x0000000080000000, 0x0000000100000000)
  region size 1024K, 97 young (99328K), 11 survivors (11264K)
 Metaspace       used 131356K, committed 132416K, reserved 1179648K
  class space    used 17909K, committed 18432K, reserved 1048576K
}
Event: 1724.648 GC heap after
{Heap after GC invocations=79 (full 0):
 garbage-first heap   total 276480K, used 126610K [0x0000000080000000, 0x0000000100000000)
  region size 1024K, 4 young (4096K), 4 survivors (4096K)
 Metaspace       used 131356K, committed 132416K, reserved 1179648K
  class space    used 17909K, committed 18432K, reserved 1048576K
}
Event: 1855.418 GC heap before
{Heap before GC invocations=79 (full 0):
 garbage-first heap   total 276480K, used 155282K [0x0000000080000000, 0x0000000100000000)
  region size 1024K, 13 young (13312K), 4 survivors (4096K)
 Metaspace       used 131389K, committed 132416K, reserved 1179648K
  class space    used 17910K, committed 18432K, reserved 1048576K
}
Event: 1855.560 GC heap after
{Heap after GC invocations=80 (full 0):
 garbage-first heap   total 276480K, used 112219K [0x0000000080000000, 0x0000000100000000)
  region size 1024K, 1 young (1024K), 1 survivors (1024K)
 Metaspace       used 131389K, committed 132416K, reserved 1179648K
  class space    used 17910K, committed 18432K, reserved 1048576K
}
Event: 1857.876 GC heap before
{Heap before GC invocations=80 (full 0):
 garbage-first heap   total 276480K, used 191067K [0x0000000080000000, 0x0000000100000000)
  region size 1024K, 80 young (81920K), 1 survivors (1024K)
 Metaspace       used 132070K, committed 133312K, reserved 1179648K
  class space    used 18035K, committed 18624K, reserved 1048576K
}
Event: 1857.922 GC heap after
{Heap after GC invocations=81 (full 0):
 garbage-first heap   total 276480K, used 122222K [0x0000000080000000, 0x0000000100000000)
  region size 1024K, 11 young (11264K), 11 survivors (11264K)
 Metaspace       used 132070K, committed 133312K, reserved 1179648K
  class space    used 18035K, committed 18624K, reserved 1048576K
}
Event: 2366.721 GC heap before
{Heap before GC invocations=82 (full 0):
 garbage-first heap   total 276480K, used 251246K [0x0000000080000000, 0x0000000100000000)
  region size 1024K, 109 young (111616K), 11 survivors (11264K)
 Metaspace       used 132512K, committed 133888K, reserved 1179648K
  class space    used 18100K, committed 18752K, reserved 1048576K
}
Event: 2366.817 GC heap after
{Heap after GC invocations=83 (full 0):
 garbage-first heap   total 276480K, used 117547K [0x0000000080000000, 0x0000000100000000)
  region size 1024K, 3 young (3072K), 3 survivors (3072K)
 Metaspace       used 132512K, committed 133888K, reserved 1179648K
  class space    used 18100K, committed 18752K, reserved 1048576K
}
Event: 2367.030 GC heap before
{Heap before GC invocations=83 (full 0):
 garbage-first heap   total 276480K, used 127787K [0x0000000080000000, 0x0000000100000000)
  region size 1024K, 13 young (13312K), 3 survivors (3072K)
 Metaspace       used 132514K, committed 133888K, reserved 1179648K
  class space    used 18100K, committed 18752K, reserved 1048576K
}
Event: 2367.106 GC heap after
{Heap after GC invocations=84 (full 0):
 garbage-first heap   total 276480K, used 114765K [0x0000000080000000, 0x0000000100000000)
  region size 1024K, 1 young (1024K), 1 survivors (1024K)
 Metaspace       used 132514K, committed 133888K, reserved 1179648K
  class space    used 18100K, committed 18752K, reserved 1048576K
}
Event: 2367.477 GC heap before
{Heap before GC invocations=84 (full 0):
 garbage-first heap   total 276480K, used 126029K [0x0000000080000000, 0x0000000100000000)
  region size 1024K, 13 young (13312K), 1 survivors (1024K)
 Metaspace       used 132527K, committed 133888K, reserved 1179648K
  class space    used 18100K, committed 18752K, reserved 1048576K
}
Event: 2367.490 GC heap after
{Heap after GC invocations=85 (full 0):
 garbage-first heap   total 276480K, used 116123K [0x0000000080000000, 0x0000000100000000)
  region size 1024K, 2 young (2048K), 2 survivors (2048K)
 Metaspace       used 132527K, committed 133888K, reserved 1179648K
  class space    used 18100K, committed 18752K, reserved 1048576K
}
Event: 2369.412 GC heap before
{Heap before GC invocations=85 (full 0):
 garbage-first heap   total 276480K, used 171419K [0x0000000080000000, 0x0000000100000000)
  region size 1024K, 58 young (59392K), 2 survivors (2048K)
 Metaspace       used 132626K, committed 134016K, reserved 1179648K
  class space    used 18101K, committed 18752K, reserved 1048576K
}
Event: 2369.436 GC heap after
{Heap after GC invocations=86 (full 0):
 garbage-first heap   total 276480K, used 124670K [0x0000000080000000, 0x0000000100000000)
  region size 1024K, 11 young (11264K), 11 survivors (11264K)
 Metaspace       used 132626K, committed 134016K, reserved 1179648K
  class space    used 18101K, committed 18752K, reserved 1048576K
}
Event: 2470.214 GC heap before
{Heap before GC invocations=87 (full 0):
 garbage-first heap   total 276480K, used 245502K [0x0000000080000000, 0x0000000100000000)
  region size 1024K, 108 young (110592K), 11 survivors (11264K)
 Metaspace       used 132800K, committed 134144K, reserved 1179648K
  class space    used 18050K, committed 18752K, reserved 1048576K
}
Event: 2470.551 GC heap after
{Heap after GC invocations=88 (full 0):
 garbage-first heap   total 276480K, used 119772K [0x0000000080000000, 0x0000000100000000)
  region size 1024K, 4 young (4096K), 4 survivors (4096K)
 Metaspace       used 132800K, committed 134144K, reserved 1179648K
  class space    used 18050K, committed 18752K, reserved 1048576K
}
Event: 2471.362 GC heap before
{Heap before GC invocations=88 (full 0):
 garbage-first heap   total 276480K, used 128988K [0x0000000080000000, 0x0000000100000000)
  region size 1024K, 13 young (13312K), 4 survivors (4096K)
 Metaspace       used 132820K, committed 134208K, reserved 1179648K
  class space    used 18050K, committed 18752K, reserved 1048576K
}
Event: 2471.452 GC heap after
{Heap after GC invocations=89 (full 0):
 garbage-first heap   total 276480K, used 110120K [0x0000000080000000, 0x0000000100000000)
  region size 1024K, 2 young (2048K), 2 survivors (2048K)
 Metaspace       used 132820K, committed 134208K, reserved 1179648K
  class space    used 18050K, committed 18752K, reserved 1048576K
}
Event: 2471.746 GC heap before
{Heap before GC invocations=89 (full 0):
 garbage-first heap   total 276480K, used 120360K [0x0000000080000000, 0x0000000100000000)
  region size 1024K, 13 young (13312K), 2 survivors (2048K)
 Metaspace       used 132831K, committed 134208K, reserved 1179648K
  class space    used 18050K, committed 18752K, reserved 1048576K
}

