# JRE version: OpenJDK Runtime Environment (17.0.10) (build 17.0.10+0--11572160)
# Java VM: OpenJDK 64-Bit Server VM (17.0.10+0--11572160, mixed mode, tiered, compressed oops, compressed class ptrs, g1 gc, windows-amd64)
GC Precious Log:
 CPUs: 4 total, 4 available
 Memory: 7991M
 Large Page Support: Disabled
 NUMA Support: Disabled
 Compressed Oops: Enabled (32-bit)
 Heap Region Size: 1M
 Heap Min Capacity: 8M
 Heap Initial Capacity: 126M
 Heap Max Capacity: 2G
 Pre-touch: Disabled
 Parallel Workers: 4
 Concurrent Workers: 1
 Concurrent Refinement Workers: 4
 Periodic GC: Disabled
Heap:
 garbage-first heap   total 394240K, used 310272K [0x0000000080000000, 0x0000000100000000)
  region size 1024K, 97 young (99328K), 6 survivors (6144K)
 Metaspace       used 165706K, committed 166592K, reserved 1245184K
  class space    used 21351K, committed 21760K, reserved 1048576K
GC Heap History (20 events):
Event: 47.615 GC heap before
{Heap before GC invocations=62 (full 0):
 garbage-first heap   total 219136K, used 113871K [0x0000000080000000, 0x0000000100000000)
  region size 1024K, 10 young (10240K), 2 survivors (2048K)
 Metaspace       used 126962K, committed 127680K, reserved 1179648K
  class space    used 16229K, committed 16576K, reserved 1048576K
}
Event: 47.631 GC heap after
{Heap after GC invocations=63 (full 0):
 garbage-first heap   total 219136K, used 103424K [0x0000000080000000, 0x0000000100000000)
  region size 1024K, 2 young (2048K), 2 survivors (2048K)
 Metaspace       used 126962K, committed 127680K, reserved 1179648K
  class space    used 16229K, committed 16576K, reserved 1048576K
}
Event: 51.506 GC heap before
{Heap before GC invocations=63 (full 0):
 garbage-first heap   total 219136K, used 165888K [0x0000000080000000, 0x0000000100000000)
  region size 1024K, 61 young (62464K), 2 survivors (2048K)
 Metaspace       used 131280K, committed 131968K, reserved 1179648K
  class space    used 16816K, committed 17152K, reserved 1048576K
}
Event: 52.083 GC heap after
{Heap after GC invocations=64 (full 0):
 garbage-first heap   total 219136K, used 111585K [0x0000000080000000, 0x0000000100000000)
  region size 1024K, 8 young (8192K), 8 survivors (8192K)
 Metaspace       used 131280K, committed 131968K, reserved 1179648K
  class space    used 16816K, committed 17152K, reserved 1048576K
}
Event: 56.559 GC heap before
{Heap before GC invocations=64 (full 0):
 garbage-first heap   total 219136K, used 175073K [0x0000000080000000, 0x0000000100000000)
  region size 1024K, 64 young (65536K), 8 survivors (8192K)
 Metaspace       used 135832K, committed 136576K, reserved 1179648K
  class space    used 17415K, committed 17792K, reserved 1048576K
}
Event: 56.585 GC heap after
{Heap after GC invocations=65 (full 0):
 garbage-first heap   total 394240K, used 122117K [0x0000000080000000, 0x0000000100000000)
  region size 1024K, 7 young (7168K), 7 survivors (7168K)
 Metaspace       used 135832K, committed 136576K, reserved 1179648K
  class space    used 17415K, committed 17792K, reserved 1048576K
}
Event: 66.820 GC heap before
{Heap before GC invocations=65 (full 0):
 garbage-first heap   total 394240K, used 288005K [0x0000000080000000, 0x0000000100000000)
  region size 1024K, 168 young (172032K), 7 survivors (7168K)
 Metaspace       used 140825K, committed 141504K, reserved 1179648K
  class space    used 18051K, committed 18368K, reserved 1048576K
}
Event: 67.158 GC heap after
{Heap after GC invocations=66 (full 0):
 garbage-first heap   total 394240K, used 131954K [0x0000000080000000, 0x0000000100000000)
  region size 1024K, 20 young (20480K), 20 survivors (20480K)
 Metaspace       used 140825K, committed 141504K, reserved 1179648K
  class space    used 18051K, committed 18368K, reserved 1048576K
}
Event: 71.205 GC heap before
{Heap before GC invocations=66 (full 0):
 garbage-first heap   total 394240K, used 209778K [0x0000000080000000, 0x0000000100000000)
  region size 1024K, 95 young (97280K), 20 survivors (20480K)
 Metaspace       used 145246K, committed 145984K, reserved 1179648K
  class space    used 18600K, committed 18944K, reserved 1048576K
}
Event: 71.312 GC heap after
{Heap after GC invocations=67 (full 0):
 garbage-first heap   total 394240K, used 122565K [0x0000000080000000, 0x0000000100000000)
  region size 1024K, 3 young (3072K), 3 survivors (3072K)
 Metaspace       used 145246K, committed 145984K, reserved 1179648K
  class space    used 18600K, committed 18944K, reserved 1048576K
}
Event: 73.946 GC heap before
{Heap before GC invocations=67 (full 0):
 garbage-first heap   total 394240K, used 201413K [0x0000000080000000, 0x0000000100000000)
  region size 1024K, 80 young (81920K), 3 survivors (3072K)
 Metaspace       used 151082K, committed 151808K, reserved 1245184K
  class space    used 19587K, committed 19968K, reserved 1048576K
}
Event: 73.961 GC heap after
{Heap after GC invocations=68 (full 0):
 garbage-first heap   total 394240K, used 118209K [0x0000000080000000, 0x0000000100000000)
  region size 1024K, 6 young (6144K), 6 survivors (6144K)
 Metaspace       used 151082K, committed 151808K, reserved 1245184K
  class space    used 19587K, committed 19968K, reserved 1048576K
}
Event: 87.302 GC heap before
{Heap before GC invocations=68 (full 0):
 garbage-first heap   total 394240K, used 287169K [0x0000000080000000, 0x0000000100000000)
  region size 1024K, 167 young (171008K), 6 survivors (6144K)
 Metaspace       used 162161K, committed 163008K, reserved 1245184K
  class space    used 21027K, committed 21440K, reserved 1048576K
}
Event: 87.340 GC heap after
{Heap after GC invocations=69 (full 0):
 garbage-first heap   total 394240K, used 128706K [0x0000000080000000, 0x0000000100000000)
  region size 1024K, 16 young (16384K), 16 survivors (16384K)
 Metaspace       used 162161K, committed 163008K, reserved 1245184K
  class space    used 21027K, committed 21440K, reserved 1048576K
}
Event: 103.257 GC heap before
{Heap before GC invocations=69 (full 0):
 garbage-first heap   total 394240K, used 273090K [0x0000000080000000, 0x0000000100000000)
  region size 1024K, 155 young (158720K), 16 survivors (16384K)
 Metaspace       used 164207K, committed 165056K, reserved 1245184K
  class space    used 21256K, committed 21696K, reserved 1048576K
}
Event: 103.387 GC heap after
{Heap after GC invocations=70 (full 0):
 garbage-first heap   total 394240K, used 150028K [0x0000000080000000, 0x0000000100000000)
  region size 1024K, 20 young (20480K), 20 survivors (20480K)
 Metaspace       used 164207K, committed 165056K, reserved 1245184K
  class space    used 21256K, committed 21696K, reserved 1048576K
}
Event: 114.932 GC heap before
{Heap before GC invocations=70 (full 0):
 garbage-first heap   total 394240K, used 228876K [0x0000000080000000, 0x0000000100000000)
  region size 1024K, 89 young (91136K), 20 survivors (20480K)
 Metaspace       used 164700K, committed 165632K, reserved 1245184K
  class space    used 21271K, committed 21696K, reserved 1048576K
}
Event: 115.022 GC heap after
{Heap after GC invocations=71 (full 0):
 garbage-first heap   total 394240K, used 173568K [0x0000000080000000, 0x0000000100000000)
  region size 1024K, 12 young (12288K), 12 survivors (12288K)
 Metaspace       used 164700K, committed 165632K, reserved 1245184K
  class space    used 21271K, committed 21696K, reserved 1048576K
}
Event: 119.150 GC heap before
{Heap before GC invocations=71 (full 0):
 garbage-first heap   total 394240K, used 209408K [0x0000000080000000, 0x0000000100000000)
  region size 1024K, 46 young (47104K), 12 survivors (12288K)
 Metaspace       used 165046K, committed 165888K, reserved 1245184K
  class space    used 21301K, committed 21696K, reserved 1048576K
}
Event: 119.193 GC heap after
{Heap after GC invocations=72 (full 0):
 garbage-first heap   total 394240K, used 183296K [0x0000000080000000, 0x0000000100000000)
  region size 1024K, 6 young (6144K), 6 survivors (6144K)
 Metaspace       used 165046K, committed 165888K, reserved 1245184K
  class space    used 21301K, committed 21696K, reserved 1048576K
}

