# JRE version: OpenJDK Runtime Environment (17.0.10) (build 17.0.10+0--11572160)
# Java VM: OpenJDK 64-Bit Server VM (17.0.10+0--11572160, mixed mode, tiered, compressed oops, compressed class ptrs, g1 gc, windows-amd64)
GC Precious Log:
 CPUs: 4 total, 4 available
 Memory: 7991M
 Large Page Support: Disabled
 NUMA Support: Disabled
 Compressed Oops: Enabled (32-bit)
 Heap Region Size: 1M
 Heap Min Capacity: 8M
 Heap Initial Capacity: 126M
 Heap Max Capacity: 2G
 Pre-touch: Disabled
 Parallel Workers: 4
 Concurrent Workers: 1
 Concurrent Refinement Workers: 4
 Periodic GC: Disabled
Heap:
 garbage-first heap   total 286720K, used 161434K [0x0000000080000000, 0x0000000100000000)
  region size 1024K, 23 young (23552K), 2 survivors (2048K)
 Metaspace       used 134199K, committed 135040K, reserved 1179648K
  class space    used 17528K, committed 17920K, reserved 1048576K
GC Heap History (20 events):
Event: 32.837 GC heap before
{Heap before GC invocations=50 (full 0):
 garbage-first heap   total 143360K, used 101992K [0x0000000080000000, 0x0000000100000000)
  region size 1024K, 26 young (26624K), 1 survivors (1024K)
 Metaspace       used 78870K, committed 79616K, reserved 1179648K
  class space    used 11075K, committed 11392K, reserved 1048576K
}
Event: 32.844 GC heap after
{Heap after GC invocations=51 (full 0):
 garbage-first heap   total 143360K, used 81626K [0x0000000080000000, 0x0000000100000000)
  region size 1024K, 4 young (4096K), 4 survivors (4096K)
 Metaspace       used 78870K, committed 79616K, reserved 1179648K
  class space    used 11075K, committed 11392K, reserved 1048576K
}
Event: 32.860 GC heap before
{Heap before GC invocations=51 (full 0):
 garbage-first heap   total 143360K, used 83674K [0x0000000080000000, 0x0000000100000000)
  region size 1024K, 7 young (7168K), 4 survivors (4096K)
 Metaspace       used 78870K, committed 79616K, reserved 1179648K
  class space    used 11075K, committed 11392K, reserved 1048576K
}
Event: 32.866 GC heap after
{Heap after GC invocations=52 (full 0):
 garbage-first heap   total 286720K, used 83261K [0x0000000080000000, 0x0000000100000000)
  region size 1024K, 1 young (1024K), 1 survivors (1024K)
 Metaspace       used 78870K, committed 79616K, reserved 1179648K
  class space    used 11075K, committed 11392K, reserved 1048576K
}
Event: 34.178 GC heap before
{Heap before GC invocations=52 (full 0):
 garbage-first heap   total 286720K, used 197949K [0x0000000080000000, 0x0000000100000000)
  region size 1024K, 103 young (105472K), 1 survivors (1024K)
 Metaspace       used 89202K, committed 89920K, reserved 1179648K
  class space    used 12154K, committed 12480K, reserved 1048576K
}
Event: 34.189 GC heap after
{Heap after GC invocations=53 (full 0):
 garbage-first heap   total 286720K, used 102610K [0x0000000080000000, 0x0000000100000000)
  region size 1024K, 10 young (10240K), 10 survivors (10240K)
 Metaspace       used 89202K, committed 89920K, reserved 1179648K
  class space    used 12154K, committed 12480K, reserved 1048576K
}
Event: 36.032 GC heap before
{Heap before GC invocations=53 (full 0):
 garbage-first heap   total 286720K, used 206034K [0x0000000080000000, 0x0000000100000000)
  region size 1024K, 110 young (112640K), 10 survivors (10240K)
 Metaspace       used 99691K, committed 100416K, reserved 1179648K
  class space    used 13434K, committed 13824K, reserved 1048576K
}
Event: 36.044 GC heap after
{Heap after GC invocations=54 (full 0):
 garbage-first heap   total 286720K, used 107957K [0x0000000080000000, 0x0000000100000000)
  region size 1024K, 6 young (6144K), 6 survivors (6144K)
 Metaspace       used 99691K, committed 100416K, reserved 1179648K
  class space    used 13434K, committed 13824K, reserved 1048576K
}
Event: 38.533 GC heap before
{Heap before GC invocations=54 (full 0):
 garbage-first heap   total 286720K, used 214453K [0x0000000080000000, 0x0000000100000000)
  region size 1024K, 110 young (112640K), 6 survivors (6144K)
 Metaspace       used 108672K, committed 109440K, reserved 1179648K
  class space    used 14486K, committed 14848K, reserved 1048576K
}
Event: 38.547 GC heap after
{Heap after GC invocations=55 (full 0):
 garbage-first heap   total 286720K, used 112926K [0x0000000080000000, 0x0000000100000000)
  region size 1024K, 11 young (11264K), 11 survivors (11264K)
 Metaspace       used 108672K, committed 109440K, reserved 1179648K
  class space    used 14486K, committed 14848K, reserved 1048576K
}
Event: 42.259 GC heap before
{Heap before GC invocations=55 (full 0):
 garbage-first heap   total 286720K, used 225566K [0x0000000080000000, 0x0000000100000000)
  region size 1024K, 119 young (121856K), 11 survivors (11264K)
 Metaspace       used 121445K, committed 122240K, reserved 1179648K
  class space    used 15866K, committed 16256K, reserved 1048576K
}
Event: 42.281 GC heap after
{Heap after GC invocations=56 (full 0):
 garbage-first heap   total 286720K, used 121791K [0x0000000080000000, 0x0000000100000000)
  region size 1024K, 13 young (13312K), 13 survivors (13312K)
 Metaspace       used 121445K, committed 122240K, reserved 1179648K
  class space    used 15866K, committed 16256K, reserved 1048576K
}
Event: 46.051 GC heap before
{Heap before GC invocations=56 (full 0):
 garbage-first heap   total 286720K, used 233407K [0x0000000080000000, 0x0000000100000000)
  region size 1024K, 116 young (118784K), 13 survivors (13312K)
 Metaspace       used 130466K, committed 131264K, reserved 1179648K
  class space    used 17061K, committed 17472K, reserved 1048576K
}
Event: 46.065 GC heap after
{Heap after GC invocations=57 (full 0):
 garbage-first heap   total 286720K, used 128503K [0x0000000080000000, 0x0000000100000000)
  region size 1024K, 14 young (14336K), 14 survivors (14336K)
 Metaspace       used 130466K, committed 131264K, reserved 1179648K
  class space    used 17061K, committed 17472K, reserved 1048576K
}
Event: 46.588 GC heap before
{Heap before GC invocations=57 (full 0):
 garbage-first heap   total 286720K, used 146935K [0x0000000080000000, 0x0000000100000000)
  region size 1024K, 33 young (33792K), 14 survivors (14336K)
 Metaspace       used 131763K, committed 132480K, reserved 1179648K
  class space    used 17228K, committed 17600K, reserved 1048576K
}
Event: 46.598 GC heap after
{Heap after GC invocations=58 (full 0):
 garbage-first heap   total 286720K, used 129800K [0x0000000080000000, 0x0000000100000000)
  region size 1024K, 8 young (8192K), 8 survivors (8192K)
 Metaspace       used 131763K, committed 132480K, reserved 1179648K
  class space    used 17228K, committed 17600K, reserved 1048576K
}
Event: 48.833 GC heap before
{Heap before GC invocations=59 (full 0):
 garbage-first heap   total 286720K, used 233224K [0x0000000080000000, 0x0000000100000000)
  region size 1024K, 109 young (111616K), 8 survivors (8192K)
 Metaspace       used 133880K, committed 134656K, reserved 1179648K
  class space    used 17504K, committed 17856K, reserved 1048576K
}
Event: 48.860 GC heap after
{Heap after GC invocations=60 (full 0):
 garbage-first heap   total 286720K, used 139466K [0x0000000080000000, 0x0000000100000000)
  region size 1024K, 14 young (14336K), 14 survivors (14336K)
 Metaspace       used 133880K, committed 134656K, reserved 1179648K
  class space    used 17504K, committed 17856K, reserved 1048576K
}
Event: 48.935 GC heap before
{Heap before GC invocations=60 (full 0):
 garbage-first heap   total 286720K, used 140490K [0x0000000080000000, 0x0000000100000000)
  region size 1024K, 15 young (15360K), 14 survivors (14336K)
 Metaspace       used 133880K, committed 134656K, reserved 1179648K
  class space    used 17504K, committed 17856K, reserved 1048576K
}
Event: 48.954 GC heap after
{Heap after GC invocations=61 (full 0):
 garbage-first heap   total 286720K, used 140954K [0x0000000080000000, 0x0000000100000000)
  region size 1024K, 2 young (2048K), 2 survivors (2048K)
 Metaspace       used 133880K, committed 134656K, reserved 1179648K
  class space    used 17504K, committed 17856K, reserved 1048576K
}

